<?xml version="1.0" encoding="UTF-8"?>
<testng-results ignored="0" total="1" passed="1" failed="0" skipped="0">
  <reporter-output>
  </reporter-output>
  <suite started-at="2023-02-04T12:51:21 IST" name="Suite" finished-at="2023-02-04T12:51:54 IST" duration-ms="32616">
    <groups>
      <group name="cucumber">
        <method signature="AbstractTestNGCucumberTests.runScenario(io.cucumber.testng.PickleWrapper,io.cucumber.testng.FeatureWrapper)[pri:0, instance:runner.Runner$RegisterPageRunner@d29f28]" name="runScenario" class="io.cucumber.testng.AbstractTestNGCucumberTests"/>
      </group> <!-- cucumber -->
    </groups>
    <test started-at="2023-02-04T12:51:21 IST" name="Test" finished-at="2023-02-04T12:51:54 IST" duration-ms="32616">
      <class name="runner.Runner$RegisterPageRunner">
        <test-method is-config="true" signature="setUpClass(org.testng.ITestContext)[pri:0, instance:runner.Runner$RegisterPageRunner@d29f28]" started-at="2023-02-04T12:51:21 IST" name="setUpClass" finished-at="2023-02-04T12:51:22 IST" duration-ms="497" status="PASS">
          <params>
            <param index="0">
              <value>
                <![CDATA[org.testng.TestRunner@1ac6dd3d]]>
              </value>
            </param>
          </params>
          <reporter-output>
          </reporter-output>
        </test-method> <!-- setUpClass -->
        <test-method signature="runScenario(io.cucumber.testng.PickleWrapper,io.cucumber.testng.FeatureWrapper)[pri:0, instance:runner.Runner$RegisterPageRunner@d29f28]" started-at="2023-02-04T12:51:22 IST" name="runScenario" description="Runs Cucumber Scenarios" data-provider="scenarios" finished-at="2023-02-04T12:51:54 IST" duration-ms="32059" status="PASS">
          <params>
            <param index="0">
              <value>
                <![CDATA["Test the hinding and showing button in animation option"]]>
              </value>
            </param>
            <param index="1">
              <value>
                <![CDATA["Api Demo Features"]]>
              </value>
            </param>
          </params>
          <reporter-output>
          </reporter-output>
        </test-method> <!-- runScenario -->
        <test-method is-config="true" signature="tearDownClass()[pri:0, instance:runner.Runner$RegisterPageRunner@d29f28]" started-at="2023-02-04T12:51:54 IST" name="tearDownClass" finished-at="2023-02-04T12:51:54 IST" duration-ms="16" status="PASS">
          <reporter-output>
          </reporter-output>
        </test-method> <!-- tearDownClass -->
      </class> <!-- runner.Runner$RegisterPageRunner -->
    </test> <!-- Test -->
  </suite> <!-- Suite -->
</testng-results>
